<?xml version="1.0" encoding="UTF-8"?>
<!-- Generated by org.testng.reporters.JUnitReportReporter -->
<testsuite skipped="0" hostname="WBLL0717E4282" name="com.org.callhub.LoginPage" tests="3" failures="0" timestamp="28 May 2019 09:54:59 GMT" time="65.215" errors="0">
  <testcase name="Voice" time="34.156" classname="com.org.callhub.LoginPage"/>
  <testcase name="Login" time="7.680" classname="com.org.callhub.LoginPage"/>
  <testcase name="LoginSign" time="23.379" classname="com.org.callhub.LoginPage"/>
</testsuite> <!-- com.org.callhub.LoginPage -->
